twa-app/app/build/intermediates/manifest_merge_blame_file/release/manifest-merger-blame-release-report.txt
1<?xml version="1.0" encoding="utf-8"?>
2<manifest xmlns:android="http://schemas.android.com/apk/res/android"
3    package="com.sunjeonglink.lynkable"
4    android:versionCode="5"
5    android:versionName="1.0.4" >
6
7    <uses-sdk
8        android:minSdkVersion="21"
9        android:targetSdkVersion="34" />
10
11    <uses-permission android:name="android.permission.INTERNET" />
11-->src\main\AndroidManifest.xml:5:5-67
11-->src\main\AndroidManifest.xml:5:22-64
12
13    <queries>
13-->[com.google.androidbrowserhelper:androidbrowserhelper:2.5.0] AndroidManifest.xml:26:5-34:15
14        <intent>
14-->[com.google.androidbrowserhelper:androidbrowserhelper:2.5.0] AndroidManifest.xml:27:9-33:18
15            <action android:name="android.intent.action.VIEW" />
15-->src\main\AndroidManifest.xml:30:17-69
15-->src\main\AndroidManifest.xml:30:25-66
16
17            <category android:name="android.intent.category.BROWSABLE" />
17-->src\main\AndroidManifest.xml:32:17-78
17-->src\main\AndroidManifest.xml:32:27-75
18
19            <data android:scheme="https" />
19-->src\main\AndroidManifest.xml:33:17-34:70
19-->src\main\AndroidManifest.xml:33:23-45
20        </intent>
21    </queries>
22
23    <permission
23-->[androidx.core:core:1.12.0] AndroidManifest.xml:22:5-24:47
24        android:name="com.sunjeonglink.lynkable.DYNAMIC_RECEIVER_NOT_EXPORTED_PERMISSION"
24-->[androidx.core:core:1.12.0] AndroidManifest.xml:23:9-81
25        android:protectionLevel="signature" />
25-->[androidx.core:core:1.12.0] AndroidManifest.xml:24:9-44
26
27    <uses-permission android:name="com.sunjeonglink.lynkable.DYNAMIC_RECEIVER_NOT_EXPORTED_PERMISSION" />
27-->[androidx.core:core:1.12.0] AndroidManifest.xml:26:5-97
27-->[androidx.core:core:1.12.0] AndroidManifest.xml:26:22-94
28
29    <application
29-->src\main\AndroidManifest.xml:7:5-52:19
30        android:allowBackup="true"
30-->src\main\AndroidManifest.xml:8:9-35
31        android:appComponentFactory="androidx.core.app.CoreComponentFactory"
31-->[androidx.core:core:1.12.0] AndroidManifest.xml:28:18-86
32        android:dataExtractionRules="@xml/data_extraction_rules"
32-->src\main\AndroidManifest.xml:9:9-65
33        android:extractNativeLibs="true"
34        android:fullBackupContent="@xml/backup_rules"
34-->src\main\AndroidManifest.xml:10:9-54
35        android:icon="@mipmap/ic_launcher"
35-->src\main\AndroidManifest.xml:11:9-43
36        android:label="@string/app_name"
36-->src\main\AndroidManifest.xml:12:9-41
37        android:roundIcon="@mipmap/ic_launcher_round"
37-->src\main\AndroidManifest.xml:13:9-54
38        android:supportsRtl="true"
38-->src\main\AndroidManifest.xml:14:9-35
39        android:theme="@style/Theme.SunjeongLinkTWA" >
39-->src\main\AndroidManifest.xml:15:9-53
40        <activity
40-->src\main\AndroidManifest.xml:18:9-42:20
41            android:name="com.sunjeonglink.twa.MainActivity"
41-->src\main\AndroidManifest.xml:19:13-61
42            android:exported="true"
42-->src\main\AndroidManifest.xml:20:13-36
43            android:launchMode="singleTask"
43-->src\main\AndroidManifest.xml:21:13-44
44            android:theme="@style/Theme.SunjeongLinkTWA" >
44-->src\main\AndroidManifest.xml:22:13-57
45            <intent-filter>
45-->src\main\AndroidManifest.xml:24:13-27:29
46                <action android:name="android.intent.action.MAIN" />
46-->src\main\AndroidManifest.xml:25:17-69
46-->src\main\AndroidManifest.xml:25:25-66
47
48                <category android:name="android.intent.category.LAUNCHER" />
48-->src\main\AndroidManifest.xml:26:17-77
48-->src\main\AndroidManifest.xml:26:27-74
49            </intent-filter>
50            <intent-filter>
50-->src\main\AndroidManifest.xml:29:13-35:29
51                <action android:name="android.intent.action.VIEW" />
51-->src\main\AndroidManifest.xml:30:17-69
51-->src\main\AndroidManifest.xml:30:25-66
52
53                <category android:name="android.intent.category.DEFAULT" />
53-->src\main\AndroidManifest.xml:31:17-76
53-->src\main\AndroidManifest.xml:31:27-73
54                <category android:name="android.intent.category.BROWSABLE" />
54-->src\main\AndroidManifest.xml:32:17-78
54-->src\main\AndroidManifest.xml:32:27-75
55
56                <data
56-->src\main\AndroidManifest.xml:33:17-34:70
57                    android:host="sunjeong-link-ver2.vercel.app"
57-->src\main\AndroidManifest.xml:34:23-67
58                    android:scheme="https" />
58-->src\main\AndroidManifest.xml:33:23-45
59            </intent-filter>
60
61            <!-- DEFAULT_URL을 명시적으로 추가 -->
62            <meta-data
62-->src\main\AndroidManifest.xml:38:13-40:74
63                android:name="android.support.customtabs.trusted.DEFAULT_URL"
63-->src\main\AndroidManifest.xml:39:17-78
64                android:value="https://sunjeong-link-ver2.vercel.app/" />
64-->src\main\AndroidManifest.xml:40:17-71
65        </activity>
66
67        <meta-data
67-->src\main\AndroidManifest.xml:44:9-46:59
68            android:name="asset_statements"
68-->src\main\AndroidManifest.xml:45:13-44
69            android:resource="@string/asset_statements" />
69-->src\main\AndroidManifest.xml:46:13-56
70        <meta-data
70-->src\main\AndroidManifest.xml:48:9-50:55
71            android:name="web_manifest"
71-->src\main\AndroidManifest.xml:49:13-40
72            android:resource="@string/web_manifest" />
72-->src\main\AndroidManifest.xml:50:13-52
73
74        <provider
74-->[androidx.emoji2:emoji2:1.2.0] AndroidManifest.xml:24:9-32:20
75            android:name="androidx.startup.InitializationProvider"
75-->[androidx.emoji2:emoji2:1.2.0] AndroidManifest.xml:25:13-67
76            android:authorities="com.sunjeonglink.lynkable.androidx-startup"
76-->[androidx.emoji2:emoji2:1.2.0] AndroidManifest.xml:26:13-68
77            android:exported="false" >
77-->[androidx.emoji2:emoji2:1.2.0] AndroidManifest.xml:27:13-37
78            <meta-data
78-->[androidx.emoji2:emoji2:1.2.0] AndroidManifest.xml:29:13-31:52
79                android:name="androidx.emoji2.text.EmojiCompatInitializer"
79-->[androidx.emoji2:emoji2:1.2.0] AndroidManifest.xml:30:17-75
80                android:value="androidx.startup" />
80-->[androidx.emoji2:emoji2:1.2.0] AndroidManifest.xml:31:17-49
81            <meta-data
81-->[androidx.lifecycle:lifecycle-process:2.6.1] AndroidManifest.xml:29:13-31:52
82                android:name="androidx.lifecycle.ProcessLifecycleInitializer"
82-->[androidx.lifecycle:lifecycle-process:2.6.1] AndroidManifest.xml:30:17-78
83                android:value="androidx.startup" />
83-->[androidx.lifecycle:lifecycle-process:2.6.1] AndroidManifest.xml:31:17-49
84            <meta-data
84-->[androidx.profileinstaller:profileinstaller:1.3.0] AndroidManifest.xml:29:13-31:52
85                android:name="androidx.profileinstaller.ProfileInstallerInitializer"
85-->[androidx.profileinstaller:profileinstaller:1.3.0] AndroidManifest.xml:30:17-85
86                android:value="androidx.startup" />
86-->[androidx.profileinstaller:profileinstaller:1.3.0] AndroidManifest.xml:31:17-49
87        </provider>
88
89        <receiver
89-->[androidx.profileinstaller:profileinstaller:1.3.0] AndroidManifest.xml:34:9-52:20
90            android:name="androidx.profileinstaller.ProfileInstallReceiver"
90-->[androidx.profileinstaller:profileinstaller:1.3.0] AndroidManifest.xml:35:13-76
91            android:directBootAware="false"
91-->[androidx.profileinstaller:profileinstaller:1.3.0] AndroidManifest.xml:36:13-44
92            android:enabled="true"
92-->[androidx.profileinstaller:profileinstaller:1.3.0] AndroidManifest.xml:37:13-35
93            android:exported="true"
93-->[androidx.profileinstaller:profileinstaller:1.3.0] AndroidManifest.xml:38:13-36
94            android:permission="android.permission.DUMP" >
94-->[androidx.profileinstaller:profileinstaller:1.3.0] AndroidManifest.xml:39:13-57
95            <intent-filter>
95-->[androidx.profileinstaller:profileinstaller:1.3.0] AndroidManifest.xml:40:13-42:29
96                <action android:name="androidx.profileinstaller.action.INSTALL_PROFILE" />
96-->[androidx.profileinstaller:profileinstaller:1.3.0] AndroidManifest.xml:41:17-91
96-->[androidx.profileinstaller:profileinstaller:1.3.0] AndroidManifest.xml:41:25-88
97            </intent-filter>
98            <intent-filter>
98-->[androidx.profileinstaller:profileinstaller:1.3.0] AndroidManifest.xml:43:13-45:29
99                <action android:name="androidx.profileinstaller.action.SKIP_FILE" />
99-->[androidx.profileinstaller:profileinstaller:1.3.0] AndroidManifest.xml:44:17-85
99-->[androidx.profileinstaller:profileinstaller:1.3.0] AndroidManifest.xml:44:25-82
100            </intent-filter>
101            <intent-filter>
101-->[androidx.profileinstaller:profileinstaller:1.3.0] AndroidManifest.xml:46:13-48:29
102                <action android:name="androidx.profileinstaller.action.SAVE_PROFILE" />
102-->[androidx.profileinstaller:profileinstaller:1.3.0] AndroidManifest.xml:47:17-88
102-->[androidx.profileinstaller:profileinstaller:1.3.0] AndroidManifest.xml:47:25-85
103            </intent-filter>
104            <intent-filter>
104-->[androidx.profileinstaller:profileinstaller:1.3.0] AndroidManifest.xml:49:13-51:29
105                <action android:name="androidx.profileinstaller.action.BENCHMARK_OPERATION" />
105-->[androidx.profileinstaller:profileinstaller:1.3.0] AndroidManifest.xml:50:17-95
105-->[androidx.profileinstaller:profileinstaller:1.3.0] AndroidManifest.xml:50:25-92
106            </intent-filter>
107        </receiver>
108    </application>
109
110</manifest>